#
# There is insufficient memory for the Java Runtime Environment to continue.
# Native memory allocation (mmap) failed to map 88080384 bytes. Error detail: G1 virtual space
# Possible reasons:
#   The system is out of physical RAM or swap space
#   This process is running with CompressedOops enabled, and the Java Heap may be blocking the growth of the native heap
# Possible solutions:
#   Reduce memory load on the system
#   Increase physical memory or swap space
#   Check if swap backing store is full
#   Decrease Java heap size (-Xmx/-Xms)
#   Decrease number of Java threads
#   Decrease Java thread stack sizes (-Xss)
#   Set larger code cache with -XX:ReservedCodeCacheSize=
#   JVM is running with Zero Based Compressed Oops mode in which the Java heap is
#     placed in the first 32GB address space. The Java Heap base address is the
#     maximum limit for the native heap growth. Please use -XX:HeapBaseMinAddress
#     to set the Java Heap base and to place the Java Heap above 32GB virtual address.
# This output file may be truncated or incomplete.
#
#  Out of Memory Error (os_windows.cpp:3618), pid=40844, tid=58040
#
# JRE version: OpenJDK Runtime Environment Temurin-17.0.16+8 (17.0.16+8) (build 17.0.16+8)
# Java VM: OpenJDK 64-Bit Server VM Temurin-17.0.16+8 (17.0.16+8, mixed mode, sharing, tiered, compressed oops, compressed class ptrs, g1 gc, windows-amd64)
# No core dump will be written. Minidumps are not enabled by default on client versions of Windows
#

---------------  S U M M A R Y ------------

Command Line: --add-opens=java.base/java.util=ALL-UNNAMED --add-opens=java.base/java.lang=ALL-UNNAMED --add-opens=java.base/java.lang.invoke=ALL-UNNAMED --add-opens=java.prefs/java.util.prefs=ALL-UNNAMED --add-opens=java.base/java.nio.charset=ALL-UNNAMED --add-opens=java.base/java.net=ALL-UNNAMED --add-opens=java.base/java.util.concurrent.atomic=ALL-UNNAMED -Xmx3G -Dfile.encoding=UTF-8 -Duser.country=CN -Duser.language=zh -Duser.variant -javaagent:C:\Users\Administrator\.gradle\wrapper\dists\gradle-8.8-bin\dl7vupf4psengwqhwktix4v1\gradle-8.8\lib\agents\gradle-instrumentation-agent-8.8.jar org.gradle.launcher.daemon.bootstrap.GradleDaemon 8.8

Host: 11th Gen Intel(R) Core(TM) i5-11320H @ 3.20GHz, 8 cores, 15G,  Windows 10 , 64 bit Build 19041 (10.0.19041.5198)
Time: Sun Sep 14 17:00:23 2025  Windows 10 , 64 bit Build 19041 (10.0.19041.5198) elapsed time: 11.630690 seconds (0d 0h 0m 11s)

---------------  T H R E A D  ---------------

Current thread (0x000001bdff42eb00):  VMThread "VM Thread" [stack: 0x0000002e66200000,0x0000002e66300000] [id=58040]

Stack: [0x0000002e66200000,0x0000002e66300000]
Native frames: (J=compiled Java code, j=interpreted, Vv=VM code, C=native code)
V  [jvm.dll+0x683169]
V  [jvm.dll+0x839ac8]
V  [jvm.dll+0x83b573]
V  [jvm.dll+0x83bbe3]
V  [jvm.dll+0x2473ff]
V  [jvm.dll+0x67ff49]
V  [jvm.dll+0x674e3a]
V  [jvm.dll+0x304ea6]
V  [jvm.dll+0x30c366]
V  [jvm.dll+0x35deee]
V  [jvm.dll+0x35e12d]
V  [jvm.dll+0x2dc26c]
V  [jvm.dll+0x2da60f]
V  [jvm.dll+0x2d9d7c]
V  [jvm.dll+0x31d921]
V  [jvm.dll+0x84041d]
V  [jvm.dll+0x841153]
V  [jvm.dll+0x84167f]
V  [jvm.dll+0x841a64]
V  [jvm.dll+0x841b2e]
V  [jvm.dll+0x7e979c]
V  [jvm.dll+0x682047]
C  [ucrtbase.dll+0x21bb2]
C  [KERNEL32.DLL+0x17374]
C  [ntdll.dll+0x4cc91]

VM_Operation (0x0000002e6dff7010): G1TryInitiateConcMark, mode: safepoint, requested by thread 0x000001bdd933d020


---------------  P R O C E S S  ---------------

Threads class SMR info:
_java_thread_list=0x000001bddea71470, length=121, elements={
0x000001bdf291d050, 0x000001bdff4388e0, 0x000001bdff4393b0, 0x000001bdff455b50,
0x000001bdff45a540, 0x000001bdff45ae10, 0x000001bdff45b6e0, 0x000001bdff45cba0,
0x000001bdff465570, 0x000001bdff46afa0, 0x000001bdff568d90, 0x000001bdff6b56f0,
0x000001bddafcc4f0, 0x000001bddafcbfe0, 0x000001bddafc8d40, 0x000001bddafca690,
0x000001bddafc9250, 0x000001bddafcaba0, 0x000001bddafcb0b0, 0x000001bddafcb5c0,
0x000001bddafc9c70, 0x000001bddafcbad0, 0x000001bddafca180, 0x000001bddae91a30,
0x000001bddae93380, 0x000001bddae93890, 0x000001bddae91520, 0x000001bddae96b30,
0x000001bddae97040, 0x000001bddae905f0, 0x000001bddae97550, 0x000001bddae947c0,
0x000001bddae94cd0, 0x000001bddae956f0, 0x000001bddae92e70, 0x000001bddae900e0,
0x000001bddae97a60, 0x000001bddae90b00, 0x000001bddae91f40, 0x000001bddae91010,
0x000001bddae92450, 0x000001bddae92960, 0x000001bdde396090, 0x000001bdde393300,
0x000001bdde395670, 0x000001bdde394230, 0x000001bdde3914a0, 0x000001bdde396fc0,
0x000001bdde3974d0, 0x000001bdde3919b0, 0x000001bdde395160, 0x000001bdde3979e0,
0x000001bdde391ec0, 0x000001bdde3923d0, 0x000001bdde3965a0, 0x000001bdde3928e0,
0x000001bdde397ef0, 0x000001bdde398910, 0x000001bdde392df0, 0x000001bdde394740,
0x000001bdde396ab0, 0x000001bdde395b80, 0x000001bdde393810, 0x000001bdde398400,
0x000001bdde393d20, 0x000001bdde398e20, 0x000001bddc148b00, 0x000001bddc1480e0,
0x000001bddc149a30, 0x000001bddc14b890, 0x000001bddc149520, 0x000001bddc14b380,
0x000001bddc14bda0, 0x000001bddc14c2b0, 0x000001bddc1476c0, 0x000001bddc144e40,
0x000001bddc146790, 0x000001bddc149f40, 0x000001bddc14c7c0, 0x000001bddc1485f0,
0x000001bddc14ae70, 0x000001bddc14a450, 0x000001bddc14a960, 0x000001bddc145860,
0x000001bddc145d70, 0x000001bddc146ca0, 0x000001bddc149010, 0x000001bddc1471b0,
0x000001bddc147bd0, 0x000001bdd933f390, 0x000001bdd933f8a0, 0x000001bdd933cb10,
0x000001bddf04ec50, 0x000001bddb463070, 0x000001bdd9341c10, 0x000001bdd933fdb0,
0x000001bdd933da40, 0x000001bdd9340ce0, 0x000001bdd933df50, 0x000001bdd93411f0,
0x000001bdd9343050, 0x000001bdd933e970, 0x000001bdd9341700, 0x000001bdd9343560,
0x000001bdd933ee80, 0x000001bdd93402c0, 0x000001bdd9342120, 0x000001bdd9342630,
0x000001bdd93407d0, 0x000001bdd9342b40, 0x000001bdd9343a70, 0x000001bdd9343f80,
0x000001bdd933d020, 0x000001bdd933d530, 0x000001bddcee0cf0, 0x000001bddcee3060,
0x000001bddcee3570, 0x000001bddcee3f90, 0x000001bddcee3a80, 0x000001bddcee44a0,
0x000001bddcee1200
}

Java Threads: ( => current thread )
  0x000001bdf291d050 JavaThread "main" [_thread_blocked, id=56420, stack(0x0000002e65c00000,0x0000002e65d00000)]
  0x000001bdff4388e0 JavaThread "Reference Handler" daemon [_thread_blocked, id=28244, stack(0x0000002e66300000,0x0000002e66400000)]
  0x000001bdff4393b0 JavaThread "Finalizer" daemon [_thread_blocked, id=22828, stack(0x0000002e66400000,0x0000002e66500000)]
  0x000001bdff455b50 JavaThread "Signal Dispatcher" daemon [_thread_blocked, id=27560, stack(0x0000002e66500000,0x0000002e66600000)]
  0x000001bdff45a540 JavaThread "Attach Listener" daemon [_thread_blocked, id=61064, stack(0x0000002e66600000,0x0000002e66700000)]
  0x000001bdff45ae10 JavaThread "Service Thread" daemon [_thread_blocked, id=52532, stack(0x0000002e66700000,0x0000002e66800000)]
  0x000001bdff45b6e0 JavaThread "Monitor Deflation Thread" daemon [_thread_blocked, id=56732, stack(0x0000002e66800000,0x0000002e66900000)]
  0x000001bdff45cba0 JavaThread "C2 CompilerThread0" daemon [_thread_in_native, id=56000, stack(0x0000002e66900000,0x0000002e66a00000)]
  0x000001bdff465570 JavaThread "C1 CompilerThread0" daemon [_thread_blocked, id=18220, stack(0x0000002e66a00000,0x0000002e66b00000)]
  0x000001bdff46afa0 JavaThread "Sweeper thread" daemon [_thread_blocked, id=40984, stack(0x0000002e66b00000,0x0000002e66c00000)]
  0x000001bdff568d90 JavaThread "Common-Cleaner" daemon [_thread_blocked, id=2796, stack(0x0000002e66c00000,0x0000002e66d00000)]
  0x000001bdff6b56f0 JavaThread "Notification Thread" daemon [_thread_blocked, id=58020, stack(0x0000002e66d00000,0x0000002e66e00000)]
  0x000001bddafcc4f0 JavaThread "Daemon health stats" [_thread_blocked, id=38232, stack(0x0000002e67600000,0x0000002e67700000)]
  0x000001bddafcbfe0 JavaThread "Incoming local TCP Connector on port 61619" [_thread_in_native, id=1232, stack(0x0000002e67700000,0x0000002e67800000)]
  0x000001bddafc8d40 JavaThread "Daemon periodic checks" [_thread_blocked, id=53460, stack(0x0000002e67800000,0x0000002e67900000)]
  0x000001bddafca690 JavaThread "Daemon" [_thread_blocked, id=58460, stack(0x0000002e67900000,0x0000002e67a00000)]
  0x000001bddafc9250 JavaThread "Handler for socket connection from /127.0.0.1:61619 to /127.0.0.1:61620" [_thread_in_native, id=10980, stack(0x0000002e67a00000,0x0000002e67b00000)]
  0x000001bddafcaba0 JavaThread "Cancel handler" [_thread_blocked, id=26844, stack(0x0000002e67b00000,0x0000002e67c00000)]
  0x000001bddafcb0b0 JavaThread "Daemon worker" [_thread_blocked, id=30620, stack(0x0000002e67c00000,0x0000002e67d00000)]
  0x000001bddafcb5c0 JavaThread "Asynchronous log dispatcher for DefaultDaemonConnection: socket connection from /127.0.0.1:61619 to /127.0.0.1:61620" [_thread_blocked, id=59704, stack(0x0000002e67d00000,0x0000002e67e00000)]
  0x000001bddafc9c70 JavaThread "Stdin handler" [_thread_blocked, id=58256, stack(0x0000002e67e00000,0x0000002e67f00000)]
  0x000001bddafcbad0 JavaThread "Daemon client event forwarder" [_thread_blocked, id=33752, stack(0x0000002e67f00000,0x0000002e68000000)]
  0x000001bddafca180 JavaThread "Cache worker for journal cache (C:\Users\Administrator\.gradle\caches\journal-1)" [_thread_blocked, id=61088, stack(0x0000002e68000000,0x0000002e68100000)]
  0x000001bddae91a30 JavaThread "File lock request listener" [_thread_in_native, id=59744, stack(0x0000002e68100000,0x0000002e68200000)]
  0x000001bddae93380 JavaThread "Cache worker for file hash cache (C:\Users\Administrator\.gradle\caches\8.8\fileHashes)" [_thread_blocked, id=3940, stack(0x0000002e68200000,0x0000002e68300000)]
  0x000001bddae93890 JavaThread "Cache worker for file hash cache (D:\我的文档\Desktop\test_mod\.gradle\8.8\fileHashes)" [_thread_blocked, id=23572, stack(0x0000002e68300000,0x0000002e68400000)]
  0x000001bddae91520 JavaThread "File watcher server" daemon [_thread_blocked, id=60256, stack(0x0000002e68400000,0x0000002e68500000)]
  0x000001bddae96b30 JavaThread "File watcher consumer" daemon [_thread_blocked, id=28176, stack(0x0000002e68500000,0x0000002e68600000)]
  0x000001bddae97040 JavaThread "Cache worker for checksums cache (D:\我的文档\Desktop\test_mod\.gradle\8.8\checksums)" [_thread_blocked, id=56172, stack(0x0000002e68900000,0x0000002e68a00000)]
  0x000001bddae905f0 JavaThread "Cache worker for file content cache (C:\Users\Administrator\.gradle\caches\8.8\fileContent)" [_thread_blocked, id=53324, stack(0x0000002e68a00000,0x0000002e68b00000)]
  0x000001bddae97550 JavaThread "Cache worker for cache directory md-rule (C:\Users\Administrator\.gradle\caches\8.8\md-rule)" [_thread_blocked, id=48452, stack(0x0000002e68b00000,0x0000002e68c00000)]
  0x000001bddae947c0 JavaThread "Cache worker for cache directory md-supplier (C:\Users\Administrator\.gradle\caches\8.8\md-supplier)" [_thread_blocked, id=23840, stack(0x0000002e68c00000,0x0000002e68d00000)]
  0x000001bddae94cd0 JavaThread "jar transforms" [_thread_blocked, id=59856, stack(0x0000002e68d00000,0x0000002e68e00000)]
  0x000001bddae956f0 JavaThread "jar transforms Thread 2" [_thread_blocked, id=54884, stack(0x0000002e68e00000,0x0000002e68f00000)]
  0x000001bddae92e70 JavaThread "jar transforms Thread 3" [_thread_blocked, id=7952, stack(0x0000002e68f00000,0x0000002e69000000)]
  0x000001bddae900e0 JavaThread "Unconstrained build operations" [_thread_blocked, id=15932, stack(0x0000002e69000000,0x0000002e69100000)]
  0x000001bddae97a60 JavaThread "Unconstrained build operations Thread 2" [_thread_blocked, id=3116, stack(0x0000002e69100000,0x0000002e69200000)]
  0x000001bddae90b00 JavaThread "Unconstrained build operations Thread 3" [_thread_blocked, id=58636, stack(0x0000002e69200000,0x0000002e69300000)]
  0x000001bddae91f40 JavaThread "Unconstrained build operations Thread 4" [_thread_blocked, id=50604, stack(0x0000002e69300000,0x0000002e69400000)]
  0x000001bddae91010 JavaThread "Unconstrained build operations Thread 5" [_thread_blocked, id=40876, stack(0x0000002e69400000,0x0000002e69500000)]
  0x000001bddae92450 JavaThread "Unconstrained build operations Thread 6" [_thread_blocked, id=37036, stack(0x0000002e69500000,0x0000002e69600000)]
  0x000001bddae92960 JavaThread "Unconstrained build operations Thread 7" [_thread_blocked, id=55164, stack(0x0000002e69600000,0x0000002e69700000)]
  0x000001bdde396090 JavaThread "Unconstrained build operations Thread 8" [_thread_blocked, id=26392, stack(0x0000002e69700000,0x0000002e69800000)]
  0x000001bdde393300 JavaThread "Unconstrained build operations Thread 9" [_thread_blocked, id=21960, stack(0x0000002e69800000,0x0000002e69900000)]
  0x000001bdde395670 JavaThread "Unconstrained build operations Thread 10" [_thread_blocked, id=41396, stack(0x0000002e69900000,0x0000002e69a00000)]
  0x000001bdde394230 JavaThread "jar transforms Thread 4" [_thread_blocked, id=60964, stack(0x0000002e69a00000,0x0000002e69b00000)]
  0x000001bdde3914a0 JavaThread "jar transforms Thread 5" [_thread_blocked, id=57176, stack(0x0000002e69b00000,0x0000002e69c00000)]
  0x000001bdde396fc0 JavaThread "Unconstrained build operations Thread 11" [_thread_blocked, id=55264, stack(0x0000002e69c00000,0x0000002e69d00000)]
  0x000001bdde3974d0 JavaThread "Unconstrained build operations Thread 12" [_thread_blocked, id=57668, stack(0x0000002e69d00000,0x0000002e69e00000)]
  0x000001bdde3919b0 JavaThread "Unconstrained build operations Thread 13" [_thread_blocked, id=40468, stack(0x0000002e69e00000,0x0000002e69f00000)]
  0x000001bdde395160 JavaThread "Unconstrained build operations Thread 14" [_thread_blocked, id=54744, stack(0x0000002e69f00000,0x0000002e6a000000)]
  0x000001bdde3979e0 JavaThread "Unconstrained build operations Thread 15" [_thread_blocked, id=55524, stack(0x0000002e6a000000,0x0000002e6a100000)]
  0x000001bdde391ec0 JavaThread "jar transforms Thread 6" [_thread_blocked, id=39872, stack(0x0000002e6a100000,0x0000002e6a200000)]
  0x000001bdde3923d0 JavaThread "jar transforms Thread 7" [_thread_blocked, id=51100, stack(0x0000002e6a200000,0x0000002e6a300000)]
  0x000001bdde3965a0 JavaThread "Unconstrained build operations Thread 16" [_thread_blocked, id=41164, stack(0x0000002e6a300000,0x0000002e6a400000)]
  0x000001bdde3928e0 JavaThread "Unconstrained build operations Thread 17" [_thread_blocked, id=11080, stack(0x0000002e6a400000,0x0000002e6a500000)]
  0x000001bdde397ef0 JavaThread "Unconstrained build operations Thread 18" [_thread_blocked, id=61400, stack(0x0000002e6a500000,0x0000002e6a600000)]
  0x000001bdde398910 JavaThread "Unconstrained build operations Thread 19" [_thread_blocked, id=44684, stack(0x0000002e6a600000,0x0000002e6a700000)]
  0x000001bdde392df0 JavaThread "Unconstrained build operations Thread 20" [_thread_blocked, id=58540, stack(0x0000002e6a700000,0x0000002e6a800000)]
  0x000001bdde394740 JavaThread "Unconstrained build operations Thread 21" [_thread_blocked, id=8676, stack(0x0000002e6a800000,0x0000002e6a900000)]
  0x000001bdde396ab0 JavaThread "jar transforms Thread 8" [_thread_blocked, id=50964, stack(0x0000002e6a900000,0x0000002e6aa00000)]
  0x000001bdde395b80 JavaThread "Cache worker for Build Output Cleanup Cache (D:\我的文档\Desktop\test_mod\.gradle\buildOutputCleanup)" [_thread_blocked, id=9028, stack(0x0000002e6aa00000,0x0000002e6ab00000)]
  0x000001bdde393810 JavaThread "Unconstrained build operations Thread 22" [_thread_blocked, id=60656, stack(0x0000002e6ab00000,0x0000002e6ac00000)]
  0x000001bdde398400 JavaThread "Unconstrained build operations Thread 23" [_thread_blocked, id=17824, stack(0x0000002e6ac00000,0x0000002e6ad00000)]
  0x000001bdde393d20 JavaThread "Unconstrained build operations Thread 24" [_thread_blocked, id=50272, stack(0x0000002e6ad00000,0x0000002e6ae00000)]
  0x000001bdde398e20 JavaThread "Unconstrained build operations Thread 25" [_thread_blocked, id=52172, stack(0x0000002e6ae00000,0x0000002e6af00000)]
  0x000001bddc148b00 JavaThread "Unconstrained build operations Thread 26" [_thread_blocked, id=50260, stack(0x0000002e6af00000,0x0000002e6b000000)]
  0x000001bddc1480e0 JavaThread "Unconstrained build operations Thread 27" [_thread_blocked, id=56564, stack(0x0000002e6b000000,0x0000002e6b100000)]
  0x000001bddc149a30 JavaThread "Unconstrained build operations Thread 28" [_thread_blocked, id=41408, stack(0x0000002e6b100000,0x0000002e6b200000)]
  0x000001bddc14b890 JavaThread "Unconstrained build operations Thread 29" [_thread_blocked, id=32576, stack(0x0000002e6b200000,0x0000002e6b300000)]
  0x000001bddc149520 JavaThread "Unconstrained build operations Thread 30" [_thread_blocked, id=37740, stack(0x0000002e6b300000,0x0000002e6b400000)]
  0x000001bddc14b380 JavaThread "Unconstrained build operations Thread 31" [_thread_blocked, id=54180, stack(0x0000002e6b400000,0x0000002e6b500000)]
  0x000001bddc14bda0 JavaThread "Unconstrained build operations Thread 32" [_thread_blocked, id=11832, stack(0x0000002e6b500000,0x0000002e6b600000)]
  0x000001bddc14c2b0 JavaThread "Unconstrained build operations Thread 33" [_thread_blocked, id=51292, stack(0x0000002e6b600000,0x0000002e6b700000)]
  0x000001bddc1476c0 JavaThread "Unconstrained build operations Thread 34" [_thread_blocked, id=30736, stack(0x0000002e6b700000,0x0000002e6b800000)]
  0x000001bddc144e40 JavaThread "Unconstrained build operations Thread 35" [_thread_blocked, id=53988, stack(0x0000002e6b800000,0x0000002e6b900000)]
  0x000001bddc146790 JavaThread "Unconstrained build operations Thread 36" [_thread_blocked, id=38028, stack(0x0000002e6b900000,0x0000002e6ba00000)]
  0x000001bddc149f40 JavaThread "Unconstrained build operations Thread 37" [_thread_blocked, id=52488, stack(0x0000002e6ba00000,0x0000002e6bb00000)]
  0x000001bddc14c7c0 JavaThread "Unconstrained build operations Thread 38" [_thread_blocked, id=59268, stack(0x0000002e6bb00000,0x0000002e6bc00000)]
  0x000001bddc1485f0 JavaThread "Unconstrained build operations Thread 39" [_thread_blocked, id=48484, stack(0x0000002e6bc00000,0x0000002e6bd00000)]
  0x000001bddc14ae70 JavaThread "Unconstrained build operations Thread 40" [_thread_blocked, id=59184, stack(0x0000002e6bd00000,0x0000002e6be00000)]
  0x000001bddc14a450 JavaThread "Unconstrained build operations Thread 41" [_thread_blocked, id=7252, stack(0x0000002e6be00000,0x0000002e6bf00000)]
  0x000001bddc14a960 JavaThread "Unconstrained build operations Thread 42" [_thread_blocked, id=58836, stack(0x0000002e6bf00000,0x0000002e6c000000)]
  0x000001bddc145860 JavaThread "Keep-Alive-Timer" daemon [_thread_blocked, id=59628, stack(0x0000002e66f00000,0x0000002e67000000)]
  0x000001bddc145d70 JavaThread "Memory manager" [_thread_blocked, id=58096, stack(0x0000002e6c000000,0x0000002e6c100000)]
  0x000001bddc146ca0 JavaThread "Unconstrained build operations Thread 43" [_thread_blocked, id=44228, stack(0x0000002e6c600000,0x0000002e6c700000)]
  0x000001bddc149010 JavaThread "Unconstrained build operations Thread 44" [_thread_blocked, id=57100, stack(0x0000002e6c700000,0x0000002e6c800000)]
  0x000001bddc1471b0 JavaThread "Unconstrained build operations Thread 45" [_thread_blocked, id=60220, stack(0x0000002e6c800000,0x0000002e6c900000)]
  0x000001bddc147bd0 JavaThread "Unconstrained build operations Thread 46" [_thread_blocked, id=52312, stack(0x0000002e6c900000,0x0000002e6ca00000)]
  0x000001bdd933f390 JavaThread "Unconstrained build operations Thread 47" [_thread_blocked, id=58300, stack(0x0000002e6ca00000,0x0000002e6cb00000)]
  0x000001bdd933f8a0 JavaThread "Unconstrained build operations Thread 48" [_thread_blocked, id=56752, stack(0x0000002e6cb00000,0x0000002e6cc00000)]
  0x000001bdd933cb10 JavaThread "Unconstrained build operations Thread 49" [_thread_blocked, id=11208, stack(0x0000002e6cc00000,0x0000002e6cd00000)]
  0x000001bddf04ec50 JavaThread "C2 CompilerThread1" daemon [_thread_blocked, id=46084, stack(0x0000002e67000000,0x0000002e67100000)]
  0x000001bddb463070 JavaThread "C2 CompilerThread2" daemon [_thread_blocked, id=33884, stack(0x0000002e6c200000,0x0000002e6c300000)]
  0x000001bdd9341c10 JavaThread "Unconstrained build operations Thread 50" [_thread_blocked, id=37808, stack(0x0000002e6cd00000,0x0000002e6ce00000)]
  0x000001bdd933fdb0 JavaThread "Unconstrained build operations Thread 51" [_thread_blocked, id=41360, stack(0x0000002e6ce00000,0x0000002e6cf00000)]
  0x000001bdd933da40 JavaThread "Unconstrained build operations Thread 52" [_thread_blocked, id=22324, stack(0x0000002e6cf00000,0x0000002e6d000000)]
  0x000001bdd9340ce0 JavaThread "Unconstrained build operations Thread 53" [_thread_blocked, id=41324, stack(0x0000002e6d000000,0x0000002e6d100000)]
  0x000001bdd933df50 JavaThread "Unconstrained build operations Thread 54" [_thread_blocked, id=45848, stack(0x0000002e6d100000,0x0000002e6d200000)]
  0x000001bdd93411f0 JavaThread "Unconstrained build operations Thread 55" [_thread_blocked, id=38372, stack(0x0000002e6d200000,0x0000002e6d300000)]
  0x000001bdd9343050 JavaThread "Unconstrained build operations Thread 56" [_thread_blocked, id=32840, stack(0x0000002e6d300000,0x0000002e6d400000)]
  0x000001bdd933e970 JavaThread "Unconstrained build operations Thread 57" [_thread_blocked, id=29524, stack(0x0000002e6d400000,0x0000002e6d500000)]
  0x000001bdd9341700 JavaThread "ForkJoinPool.commonPool-worker-1" daemon [_thread_blocked, id=45048, stack(0x0000002e6d500000,0x0000002e6d600000)]
  0x000001bdd9343560 JavaThread "ForkJoinPool.commonPool-worker-2" daemon [_thread_blocked, id=45184, stack(0x0000002e6d600000,0x0000002e6d700000)]
  0x000001bdd933ee80 JavaThread "ForkJoinPool.commonPool-worker-3" daemon [_thread_blocked, id=59080, stack(0x0000002e6d700000,0x0000002e6d800000)]
  0x000001bdd93402c0 JavaThread "ForkJoinPool.commonPool-worker-5" daemon [_thread_blocked, id=50128, stack(0x0000002e6d800000,0x0000002e6d900000)]
  0x000001bdd9342120 JavaThread "ForkJoinPool.commonPool-worker-4" daemon [_thread_blocked, id=52040, stack(0x0000002e6d900000,0x0000002e6da00000)]
  0x000001bdd9342630 JavaThread "ForkJoinPool.commonPool-worker-6" daemon [_thread_blocked, id=60252, stack(0x0000002e6da00000,0x0000002e6db00000)]
  0x000001bdd93407d0 JavaThread "ForkJoinPool.commonPool-worker-7" daemon [_thread_blocked, id=46820, stack(0x0000002e6db00000,0x0000002e6dc00000)]
  0x000001bdd9342b40 JavaThread "Exec process" daemon [_thread_blocked, id=56736, stack(0x0000002e6dc00000,0x0000002e6dd00000)]
  0x000001bdd9343a70 JavaThread "Exec process Thread 2" daemon [_thread_blocked, id=58508, stack(0x0000002e6dd00000,0x0000002e6de00000)]
  0x000001bdd9343f80 JavaThread "Exec process Thread 3" daemon [_thread_blocked, id=22496, stack(0x0000002e6de00000,0x0000002e6df00000)]
  0x000001bdd933d020 JavaThread "included builds" [_thread_blocked, id=52284, stack(0x0000002e6df00000,0x0000002e6e000000)]
  0x000001bdd933d530 JavaThread "Execution worker" [_thread_blocked, id=31592, stack(0x0000002e6e000000,0x0000002e6e100000)]
  0x000001bddcee0cf0 JavaThread "Execution worker Thread 2" [_thread_blocked, id=37168, stack(0x0000002e6e100000,0x0000002e6e200000)]
  0x000001bddcee3060 JavaThread "Execution worker Thread 3" [_thread_blocked, id=45576, stack(0x0000002e6e200000,0x0000002e6e300000)]
  0x000001bddcee3570 JavaThread "Execution worker Thread 4" [_thread_blocked, id=52904, stack(0x0000002e6e300000,0x0000002e6e400000)]
  0x000001bddcee3f90 JavaThread "Execution worker Thread 5" [_thread_blocked, id=40520, stack(0x0000002e6e400000,0x0000002e6e500000)]
  0x000001bddcee3a80 JavaThread "Execution worker Thread 6" [_thread_blocked, id=10856, stack(0x0000002e6e500000,0x0000002e6e600000)]
  0x000001bddcee44a0 JavaThread "Execution worker Thread 7" [_thread_blocked, id=60000, stack(0x0000002e6e600000,0x0000002e6e700000)]
  0x000001bddcee1200 JavaThread "Cache worker for execution history cache (D:\我的文档\Desktop\test_mod\.gradle\8.8\executionHistory)" [_thread_blocked, id=45312, stack(0x0000002e6e700000,0x0000002e6e800000)]

Other Threads:
=>0x000001bdff42eb00 VMThread "VM Thread" [stack: 0x0000002e66200000,0x0000002e66300000] [id=58040]
  0x000001bdff6b5bd0 WatcherThread [stack: 0x0000002e66e00000,0x0000002e66f00000] [id=2996]
  0x000001bdf2977c20 GCTaskThread "GC Thread#0" [stack: 0x0000002e65d00000,0x0000002e65e00000] [id=59844]
  0x000001bdd9a57f10 GCTaskThread "GC Thread#1" [stack: 0x0000002e67100000,0x0000002e67200000] [id=51976]
  0x000001bdd9a581d0 GCTaskThread "GC Thread#2" [stack: 0x0000002e67200000,0x0000002e67300000] [id=44788]
  0x000001bdd9f6f1f0 GCTaskThread "GC Thread#3" [stack: 0x0000002e67300000,0x0000002e67400000] [id=57552]
  0x000001bdd9f6f4b0 GCTaskThread "GC Thread#4" [stack: 0x0000002e67400000,0x0000002e67500000] [id=52440]
  0x000001bdd9f6f770 GCTaskThread "GC Thread#5" [stack: 0x0000002e67500000,0x0000002e67600000] [id=31940]
  0x000001bddb4dc3a0 GCTaskThread "GC Thread#6" [stack: 0x0000002e68600000,0x0000002e68700000] [id=9852]
  0x000001bddb4dcbe0 GCTaskThread "GC Thread#7" [stack: 0x0000002e68700000,0x0000002e68800000] [id=38916]
  0x000001bdf2984a80 ConcurrentGCThread "G1 Main Marker" [stack: 0x0000002e65e00000,0x0000002e65f00000] [id=58840]
  0x000001bdf29853b0 ConcurrentGCThread "G1 Conc#0" [stack: 0x0000002e65f00000,0x0000002e66000000] [id=51952]
  0x000001bddb4dc0e0 ConcurrentGCThread "G1 Conc#1" [stack: 0x0000002e68800000,0x0000002e68900000] [id=37908]
  0x000001bdff2f58d0 ConcurrentGCThread "G1 Refine#0" [stack: 0x0000002e66000000,0x0000002e66100000] [id=42740]
  0x000001bddc5653d0 ConcurrentGCThread "G1 Refine#1" [stack: 0x0000002e6c100000,0x0000002e6c200000] [id=45064]
  0x000001bddc563090 ConcurrentGCThread "G1 Refine#2" [stack: 0x0000002e6c300000,0x0000002e6c400000] [id=47136]
  0x000001bddc563380 ConcurrentGCThread "G1 Refine#3" [stack: 0x0000002e6c400000,0x0000002e6c500000] [id=9532]
  0x000001bddc5650e0 ConcurrentGCThread "G1 Refine#4" [stack: 0x0000002e6c500000,0x0000002e6c600000] [id=10912]
  0x000001bdff2f6210 ConcurrentGCThread "G1 Service" [stack: 0x0000002e66100000,0x0000002e66200000] [id=60752]

Threads with active compile tasks:
C2 CompilerThread0    11644 8822       4       org.gradle.internal.instantiation.generator.AbstractClassGenerator::inspectType (560 bytes)

VM state: at safepoint (normal execution)

VM Mutex/Monitor currently owned by a thread:  ([mutex/lock_event])
[0x000001bdf2918330] Threads_lock - owner thread: 0x000001bdff42eb00
[0x000001bdf29195c0] Heap_lock - owner thread: 0x000001bdd933d020

Heap address: 0x0000000740000000, size: 3072 MB, Compressed Oops mode: Zero based, Oop shift amount: 3

CDS archive(s) mapped at: [0x000001bd94000000-0x000001bd94bb0000-0x000001bd94bb0000), size 12255232, SharedBaseAddress: 0x000001bd94000000, ArchiveRelocationMode: 1.
Compressed class space mapped at: 0x000001bd95000000-0x000001bdd5000000, reserved size: 1073741824
Narrow klass base: 0x000001bd94000000, Narrow klass shift: 0, Narrow klass range: 0x100000000

GC Precious Log:
 CPUs: 8 total, 8 available
 Memory: 16122M
 Large Page Support: Disabled
 NUMA Support: Disabled
 Compressed Oops: Enabled (Zero based)
 Heap Region Size: 2M
 Heap Min Capacity: 8M
 Heap Initial Capacity: 252M
 Heap Max Capacity: 3G
 Pre-touch: Disabled
 Parallel Workers: 8
 Concurrent Workers: 2
 Concurrent Refinement Workers: 8
 Periodic GC: Disabled

Heap:
 garbage-first heap   total 172032K, used 77004K [0x0000000740000000, 0x0000000800000000)
  region size 2048K, 1 young (2048K), 1 survivors (2048K)
 Metaspace       used 68411K, committed 69120K, reserved 1114112K
  class space    used 9553K, committed 9920K, reserved 1048576K

Heap Regions: E=young(eden), S=young(survivor), O=old, HS=humongous(starts), HC=humongous(continues), CS=collection set, F=free, OA=open archive, CA=closed archive, TAMS=top-at-mark-start (previous, next)
|   0|0x0000000740000000, 0x0000000740200000, 0x0000000740200000|100%|HS|  |TAMS 0x0000000740200000, 0x0000000740200000| Complete 
|   1|0x0000000740200000, 0x0000000740400000, 0x0000000740400000|100%|HC|  |TAMS 0x0000000740400000, 0x0000000740400000| Complete 
|   2|0x0000000740400000, 0x0000000740600000, 0x0000000740600000|100%| O|  |TAMS 0x0000000740600000, 0x0000000740600000| Untracked 
|   3|0x0000000740600000, 0x0000000740800000, 0x0000000740800000|100%| O|  |TAMS 0x0000000740800000, 0x0000000740800000| Untracked 
|   4|0x0000000740800000, 0x0000000740a00000, 0x0000000740a00000|100%| O|  |TAMS 0x0000000740a00000, 0x0000000740a00000| Untracked 
|   5|0x0000000740a00000, 0x0000000740c00000, 0x0000000740c00000|100%|HS|  |TAMS 0x0000000740c00000, 0x0000000740c00000| Complete 
|   6|0x0000000740c00000, 0x0000000740e00000, 0x0000000740e00000|100%| O|  |TAMS 0x0000000740e00000, 0x0000000740e00000| Untracked 
|   7|0x0000000740e00000, 0x0000000741000000, 0x0000000741000000|100%| O|  |TAMS 0x0000000741000000, 0x0000000741000000| Untracked 
|   8|0x0000000741000000, 0x0000000741200000, 0x0000000741200000|100%| O|  |TAMS 0x0000000741200000, 0x0000000741200000| Untracked 
|   9|0x0000000741200000, 0x0000000741400000, 0x0000000741400000|100%| O|  |TAMS 0x0000000741400000, 0x0000000741400000| Untracked 
|  10|0x0000000741400000, 0x0000000741600000, 0x0000000741600000|100%| O|  |TAMS 0x0000000741600000, 0x0000000741600000| Untracked 
|  11|0x0000000741600000, 0x0000000741800000, 0x0000000741800000|100%| O|  |TAMS 0x0000000741800000, 0x0000000741800000| Untracked 
|  12|0x0000000741800000, 0x0000000741a00000, 0x0000000741a00000|100%|HS|  |TAMS 0x0000000741800000, 0x0000000741a00000| Complete 
|  13|0x0000000741a00000, 0x0000000741c00000, 0x0000000741c00000|100%|HS|  |TAMS 0x0000000741c00000, 0x0000000741c00000| Complete 
|  14|0x0000000741c00000, 0x0000000741e00000, 0x0000000741e00000|100%| O|  |TAMS 0x0000000741e00000, 0x0000000741e00000| Untracked 
|  15|0x0000000741e00000, 0x0000000742000000, 0x0000000742000000|100%| O|  |TAMS 0x0000000742000000, 0x0000000742000000| Untracked 
|  16|0x0000000742000000, 0x0000000742200000, 0x0000000742200000|100%| O|  |TAMS 0x0000000742200000, 0x0000000742200000| Untracked 
|  17|0x0000000742200000, 0x0000000742400000, 0x0000000742400000|100%| O|  |TAMS 0x0000000742400000, 0x0000000742400000| Untracked 
|  18|0x0000000742400000, 0x0000000742600000, 0x0000000742600000|100%| O|  |TAMS 0x00000007424e8a00, 0x0000000742600000| Untracked 
|  19|0x0000000742600000, 0x0000000742800000, 0x0000000742800000|100%| O|  |TAMS 0x0000000742600000, 0x0000000742800000| Untracked 
|  20|0x0000000742800000, 0x0000000742a00000, 0x0000000742a00000|100%| O|  |TAMS 0x0000000742800000, 0x0000000742a00000| Untracked 
|  21|0x0000000742a00000, 0x0000000742c00000, 0x0000000742c00000|100%| O|  |TAMS 0x0000000742a00000, 0x0000000742c00000| Untracked 
|  22|0x0000000742c00000, 0x0000000742e00000, 0x0000000742e00000|100%|HS|  |TAMS 0x0000000742c00000, 0x0000000742e00000| Complete 
|  23|0x0000000742e00000, 0x0000000743000000, 0x0000000743000000|100%|HC|  |TAMS 0x0000000742e00000, 0x0000000743000000| Complete 
|  24|0x0000000743000000, 0x0000000743200000, 0x0000000743200000|100%| O|  |TAMS 0x0000000743000000, 0x0000000743200000| Untracked 
|  25|0x0000000743200000, 0x0000000743400000, 0x0000000743400000|100%| O|  |TAMS 0x0000000743200000, 0x0000000743400000| Untracked 
|  26|0x0000000743400000, 0x0000000743600000, 0x0000000743600000|100%| O|  |TAMS 0x0000000743400000, 0x0000000743600000| Untracked 
|  27|0x0000000743600000, 0x0000000743800000, 0x0000000743800000|100%| O|  |TAMS 0x0000000743600000, 0x0000000743800000| Untracked 
|  28|0x0000000743800000, 0x0000000743a00000, 0x0000000743a00000|100%| O|  |TAMS 0x0000000743800000, 0x0000000743a00000| Untracked 
|  29|0x0000000743a00000, 0x0000000743c00000, 0x0000000743c00000|100%| O|  |TAMS 0x0000000743a00000, 0x0000000743c00000| Untracked 
|  30|0x0000000743c00000, 0x0000000743e00000, 0x0000000743e00000|100%| O|  |TAMS 0x0000000743c00000, 0x0000000743e00000| Untracked 
|  31|0x0000000743e00000, 0x0000000744000000, 0x0000000744000000|100%|HS|  |TAMS 0x0000000743e00000, 0x0000000744000000| Complete 
|  32|0x0000000744000000, 0x0000000744200000, 0x0000000744200000|100%|HC|  |TAMS 0x0000000744000000, 0x0000000744200000| Complete 
|  33|0x0000000744200000, 0x0000000744400000, 0x0000000744400000|100%|HC|  |TAMS 0x0000000744200000, 0x0000000744400000| Complete 
|  34|0x0000000744400000, 0x0000000744600000, 0x0000000744600000|100%| O|  |TAMS 0x0000000744400000, 0x0000000744400000| Untracked 
|  35|0x0000000744600000, 0x0000000744800000, 0x0000000744800000|100%| O|  |TAMS 0x0000000744600000, 0x0000000744754c00| Untracked 
|  36|0x0000000744800000, 0x000000074497d800, 0x0000000744a00000| 74%| O|  |TAMS 0x0000000744800000, 0x0000000744800000| Untracked 
|  37|0x0000000744a00000, 0x0000000744a00000, 0x0000000744c00000|  0%| F|  |TAMS 0x0000000744a00000, 0x0000000744a00000| Untracked 
|  38|0x0000000744c00000, 0x0000000744c00000, 0x0000000744e00000|  0%| F|  |TAMS 0x0000000744c00000, 0x0000000744c00000| Untracked 
|  39|0x0000000744e00000, 0x0000000744e00000, 0x0000000745000000|  0%| F|  |TAMS 0x0000000744e00000, 0x0000000744e00000| Untracked 
|  40|0x0000000745000000, 0x0000000745000000, 0x0000000745200000|  0%| F|  |TAMS 0x0000000745000000, 0x0000000745000000| Untracked 
|  41|0x0000000745200000, 0x0000000745200000, 0x0000000745400000|  0%| F|  |TAMS 0x0000000745200000, 0x0000000745200000| Untracked 
|  42|0x0000000745400000, 0x0000000745400000, 0x0000000745600000|  0%| F|  |TAMS 0x0000000745400000, 0x0000000745400000| Untracked 
|  43|0x0000000745600000, 0x0000000745600000, 0x0000000745800000|  0%| F|  |TAMS 0x0000000745600000, 0x0000000745600000| Untracked 
|  44|0x0000000745800000, 0x0000000745800000, 0x0000000745a00000|  0%| F|  |TAMS 0x0000000745800000, 0x0000000745800000| Untracked 
|  45|0x0000000745a00000, 0x0000000745a00000, 0x0000000745c00000|  0%| F|  |TAMS 0x0000000745a00000, 0x0000000745a00000| Untracked 
|  46|0x0000000745c00000, 0x0000000745c00000, 0x0000000745e00000|  0%| F|  |TAMS 0x0000000745c00000, 0x0000000745c00000| Untracked 
|  47|0x0000000745e00000, 0x0000000745e00000, 0x0000000746000000|  0%| F|  |TAMS 0x0000000745e00000, 0x0000000745e00000| Untracked 
|  48|0x0000000746000000, 0x0000000746000000, 0x0000000746200000|  0%| F|  |TAMS 0x0000000746000000, 0x0000000746000000| Untracked 
|  49|0x0000000746200000, 0x0000000746200000, 0x0000000746400000|  0%| F|  |TAMS 0x0000000746200000, 0x0000000746200000| Untracked 
|  50|0x0000000746400000, 0x0000000746400000, 0x0000000746600000|  0%| F|  |TAMS 0x0000000746400000, 0x0000000746400000| Untracked 
|  51|0x0000000746600000, 0x0000000746600000, 0x0000000746800000|  0%| F|  |TAMS 0x0000000746600000, 0x0000000746600000| Untracked 
|  52|0x0000000746800000, 0x0000000746800000, 0x0000000746a00000|  0%| F|  |TAMS 0x0000000746800000, 0x0000000746800000| Untracked 
|  53|0x0000000746a00000, 0x0000000746a00000, 0x0000000746c00000|  0%| F|  |TAMS 0x0000000746a00000, 0x0000000746a00000| Untracked 
|  54|0x0000000746c00000, 0x0000000746c00000, 0x0000000746e00000|  0%| F|  |TAMS 0x0000000746c00000, 0x0000000746c00000| Untracked 
|  55|0x0000000746e00000, 0x0000000746e00000, 0x0000000747000000|  0%| F|  |TAMS 0x0000000746e00000, 0x0000000746e00000| Untracked 
|  56|0x0000000747000000, 0x0000000747000000, 0x0000000747200000|  0%| F|  |TAMS 0x0000000747000000, 0x0000000747000000| Untracked 
|  57|0x0000000747200000, 0x0000000747200000, 0x0000000747400000|  0%| F|  |TAMS 0x0000000747200000, 0x0000000747200000| Untracked 
|  58|0x0000000747400000, 0x0000000747400000, 0x0000000747600000|  0%| F|  |TAMS 0x0000000747400000, 0x0000000747400000| Untracked 
|  59|0x0000000747600000, 0x0000000747600000, 0x0000000747800000|  0%| F|  |TAMS 0x0000000747600000, 0x0000000747600000| Untracked 
|  60|0x0000000747800000, 0x0000000747800000, 0x0000000747a00000|  0%| F|  |TAMS 0x0000000747800000, 0x0000000747800000| Untracked 
|  61|0x0000000747a00000, 0x0000000747a00000, 0x0000000747c00000|  0%| F|  |TAMS 0x0000000747a00000, 0x0000000747a00000| Untracked 
|  62|0x0000000747c00000, 0x0000000747c00000, 0x0000000747e00000|  0%| F|  |TAMS 0x0000000747c00000, 0x0000000747c00000| Untracked 
|  63|0x0000000747e00000, 0x0000000747e00000, 0x0000000748000000|  0%| F|  |TAMS 0x0000000747e00000, 0x0000000747e00000| Untracked 
|  64|0x0000000748000000, 0x0000000748000000, 0x0000000748200000|  0%| F|  |TAMS 0x0000000748000000, 0x0000000748000000| Untracked 
|  65|0x0000000748200000, 0x0000000748200000, 0x0000000748400000|  0%| F|  |TAMS 0x0000000748200000, 0x0000000748200000| Untracked 
|  66|0x0000000748400000, 0x0000000748400000, 0x0000000748600000|  0%| F|  |TAMS 0x0000000748400000, 0x0000000748400000| Untracked 
|  67|0x0000000748600000, 0x0000000748600000, 0x0000000748800000|  0%| F|  |TAMS 0x0000000748600000, 0x0000000748600000| Untracked 
|  68|0x0000000748800000, 0x0000000748800000, 0x0000000748a00000|  0%| F|  |TAMS 0x0000000748800000, 0x0000000748800000| Untracked 
|  69|0x0000000748a00000, 0x0000000748a00000, 0x0000000748c00000|  0%| F|  |TAMS 0x0000000748a00000, 0x0000000748a00000| Untracked 
|  70|0x0000000748c00000, 0x0000000748c00000, 0x0000000748e00000|  0%| F|  |TAMS 0x0000000748c00000, 0x0000000748c00000| Untracked 
|  71|0x0000000748e00000, 0x0000000748e00000, 0x0000000749000000|  0%| F|  |TAMS 0x0000000748e00000, 0x0000000748e00000| Untracked 
|  72|0x0000000749000000, 0x0000000749000000, 0x0000000749200000|  0%| F|  |TAMS 0x0000000749000000, 0x0000000749000000| Untracked 
|  73|0x0000000749200000, 0x0000000749200000, 0x0000000749400000|  0%| F|  |TAMS 0x0000000749200000, 0x0000000749200000| Untracked 
|  74|0x0000000749400000, 0x0000000749400000, 0x0000000749600000|  0%| F|  |TAMS 0x0000000749400000, 0x0000000749400000| Untracked 
|  75|0x0000000749600000, 0x0000000749600000, 0x0000000749800000|  0%| F|  |TAMS 0x0000000749600000, 0x0000000749600000| Untracked 
|  76|0x0000000749800000, 0x0000000749800000, 0x0000000749a00000|  0%| F|  |TAMS 0x0000000749800000, 0x0000000749800000| Untracked 
|  77|0x0000000749a00000, 0x0000000749a00000, 0x0000000749c00000|  0%| F|  |TAMS 0x0000000749a00000, 0x0000000749a00000| Untracked 
|  78|0x0000000749c00000, 0x0000000749c00000, 0x0000000749e00000|  0%| F|  |TAMS 0x0000000749c00000, 0x0000000749c00000| Untracked 
|  79|0x0000000749e00000, 0x0000000749e00000, 0x000000074a000000|  0%| F|  |TAMS 0x0000000749e00000, 0x0000000749e00000| Untracked 
|  80|0x000000074a000000, 0x000000074a000000, 0x000000074a200000|  0%| F|  |TAMS 0x000000074a000000, 0x000000074a000000| Untracked 
|  81|0x000000074a200000, 0x000000074a200000, 0x000000074a400000|  0%| F|  |TAMS 0x000000074a200000, 0x000000074a200000| Untracked 
|  82|0x000000074a400000, 0x000000074a5b5818, 0x000000074a600000| 85%| S|CS|TAMS 0x000000074a400000, 0x000000074a400000| Complete 
| 125|0x000000074fa00000, 0x000000074fa00000, 0x000000074fc00000|  0%| F|  |TAMS 0x000000074fa00000, 0x000000074fa00000| Untracked 

Card table byte_map: [0x000001bdfadb0000,0x000001bdfb3b0000] _byte_map_base: 0x000001bdf73b0000

Marking Bits (Prev, Next): (CMBitMap*) 0x000001bdf2978190, (CMBitMap*) 0x000001bdf2978150
 Prev Bits: [0x000001bd8f000000, 0x000001bd92000000)
 Next Bits: [0x000001bdfb9b0000, 0x000001bdfe9b0000)

Polling page: 0x000001bdf08a0000

Metaspace:

Usage:
  Non-class:     57.48 MB used.
      Class:      9.33 MB used.
       Both:     66.81 MB used.

Virtual space:
  Non-class space:       64.00 MB reserved,      57.81 MB ( 90%) committed,  1 nodes.
      Class space:        1.00 GB reserved,       9.69 MB ( <1%) committed,  1 nodes.
             Both:        1.06 GB reserved,      67.50 MB (  6%) committed. 

Chunk freelists:
   Non-Class:  5.67 MB
       Class:  6.37 MB
        Both:  12.04 MB

MaxMetaspaceSize: unlimited
CompressedClassSpaceSize: 1.00 GB
Initial GC threshold: 21.00 MB
Current GC threshold: 98.06 MB
CDS: on
MetaspaceReclaimPolicy: balanced
 - commit_granule_bytes: 65536.
 - commit_granule_words: 8192.
 - virtual_space_node_default_size: 8388608.
 - enlarge_chunks_in_place: 1.
 - new_chunks_are_fully_committed: 0.
 - uncommit_free_chunks: 1.
 - use_allocation_guard: 0.
 - handle_deallocations: 1.


Internal statistics:

num_allocs_failed_limit: 9.
num_arena_births: 740.
num_arena_deaths: 0.
num_vsnodes_births: 2.
num_vsnodes_deaths: 0.
num_space_committed: 1080.
num_space_uncommitted: 0.
num_chunks_returned_to_freelist: 9.
num_chunks_taken_from_freelist: 3420.
num_chunk_merges: 9.
num_chunk_splits: 2183.
num_chunks_enlarged: 1367.
num_inconsistent_stats: 0.

CodeHeap 'non-profiled nmethods': size=120000Kb used=5211Kb max_used=5211Kb free=114788Kb
 bounds [0x000001bd87ad0000, 0x000001bd87ff0000, 0x000001bd8f000000]
CodeHeap 'profiled nmethods': size=120000Kb used=16246Kb max_used=16246Kb free=103753Kb
 bounds [0x000001bd80000000, 0x000001bd80fe0000, 0x000001bd87530000]
CodeHeap 'non-nmethods': size=5760Kb used=2394Kb max_used=2460Kb free=3365Kb
 bounds [0x000001bd87530000, 0x000001bd877b0000, 0x000001bd87ad0000]
 total_blobs=9210 nmethods=8305 adapters=817
 compilation: enabled
              stopped_count=0, restarted_count=0
 full_count=0

Compilation events (20 events):
Event: 11.603 Thread 0x000001bdff465570 9104   !   3       com.google.gson.internal.LinkedTreeMap::findByObject (18 bytes)
Event: 11.603 Thread 0x000001bdff465570 nmethod 9104 0x000001bd80fd8b10 code [0x000001bd80fd8cc0, 0x000001bd80fd8ec8]
Event: 11.603 Thread 0x000001bdff465570 9101       3       com.google.gson.internal.bind.TreeTypeAdapter::read (52 bytes)
Event: 11.603 Thread 0x000001bdff465570 nmethod 9101 0x000001bd80fd8f90 code [0x000001bd80fd91a0, 0x000001bd80fd97b8]
Event: 11.603 Thread 0x000001bdff465570 9102   !   3       com.google.gson.internal.Streams::parse (68 bytes)
Event: 11.603 Thread 0x000001bdff465570 nmethod 9102 0x000001bd80fd9990 code [0x000001bd80fd9be0, 0x000001bd80fda358]
Event: 11.604 Thread 0x000001bddb463070 nmethod 9099 0x000001bd87fdda90 code [0x000001bd87fddc20, 0x000001bd87fddd78]
Event: 11.604 Thread 0x000001bddb463070 9103       4       java.util.ArrayDeque::isEmpty (17 bytes)
Event: 11.604 Thread 0x000001bddb463070 nmethod 9103 0x000001bd87fddf10 code [0x000001bd87fde080, 0x000001bd87fde118]
Event: 11.609 Thread 0x000001bdff465570 9105       3       org.apache.commons.io.output.ThresholdingOutputStream::getStream (14 bytes)
Event: 11.609 Thread 0x000001bdff465570 nmethod 9105 0x000001bd80fda710 code [0x000001bd80fda8c0, 0x000001bd80fdaba8]
Event: 11.609 Thread 0x000001bdff465570 9106       3       org.apache.commons.io.IOUtils$$Lambda$1411/0x000001bd958bd358::apply (12 bytes)
Event: 11.609 Thread 0x000001bdff465570 nmethod 9106 0x000001bd80fdac90 code [0x000001bd80fdae40, 0x000001bd80fdb0b8]
Event: 11.609 Thread 0x000001bdff465570 9107       3       org.apache.commons.io.output.ThresholdingOutputStream::write (27 bytes)
Event: 11.609 Thread 0x000001bdff465570 nmethod 9107 0x000001bd80fdb190 code [0x000001bd80fdb380, 0x000001bd80fdba08]
Event: 11.612 Thread 0x000001bdff465570 9109       3       org.apache.commons.io.output.AbstractByteArrayOutputStream::writeImpl (91 bytes)
Event: 11.613 Thread 0x000001bdff465570 nmethod 9109 0x000001bd80fdbc10 code [0x000001bd80fdbde0, 0x000001bd80fdc278]
Event: 11.613 Thread 0x000001bdff465570 9108       3       org.apache.commons.io.output.UnsynchronizedByteArrayOutputStream::write (72 bytes)
Event: 11.613 Thread 0x000001bddf04ec50 nmethod 8845 0x000001bd87fde210 code [0x000001bd87fde5e0, 0x000001bd87fe47c8]
Event: 11.613 Thread 0x000001bdff465570 nmethod 9108 0x000001bd80fdc410 code [0x000001bd80fdc6c0, 0x000001bd80fdd5e8]

GC Heap History (20 events):
Event: 3.450 GC heap after
{Heap after GC invocations=11 (full 0):
 garbage-first heap   total 96256K, used 36608K [0x0000000740000000, 0x0000000800000000)
  region size 2048K, 1 young (2048K), 1 survivors (2048K)
 Metaspace       used 39127K, committed 39616K, reserved 1114112K
  class space    used 5550K, committed 5760K, reserved 1048576K
}
Event: 3.731 GC heap before
{Heap before GC invocations=11 (full 0):
 garbage-first heap   total 96256K, used 71424K [0x0000000740000000, 0x0000000800000000)
  region size 2048K, 18 young (36864K), 1 survivors (2048K)
 Metaspace       used 41761K, committed 42176K, reserved 1114112K
  class space    used 5962K, committed 6144K, reserved 1048576K
}
Event: 3.733 GC heap after
{Heap after GC invocations=12 (full 0):
 garbage-first heap   total 172032K, used 38362K [0x0000000740000000, 0x0000000800000000)
  region size 2048K, 2 young (4096K), 2 survivors (4096K)
 Metaspace       used 41761K, committed 42176K, reserved 1114112K
  class space    used 5962K, committed 6144K, reserved 1048576K
}
Event: 4.405 GC heap before
{Heap before GC invocations=12 (full 0):
 garbage-first heap   total 172032K, used 126426K [0x0000000740000000, 0x0000000800000000)
  region size 2048K, 45 young (92160K), 2 survivors (4096K)
 Metaspace       used 48608K, committed 49152K, reserved 1114112K
  class space    used 6804K, committed 7040K, reserved 1048576K
}
Event: 4.409 GC heap after
{Heap after GC invocations=13 (full 0):
 garbage-first heap   total 172032K, used 42001K [0x0000000740000000, 0x0000000800000000)
  region size 2048K, 4 young (8192K), 4 survivors (8192K)
 Metaspace       used 48608K, committed 49152K, reserved 1114112K
  class space    used 6804K, committed 7040K, reserved 1048576K
}
Event: 6.977 GC heap before
{Heap before GC invocations=13 (full 0):
 garbage-first heap   total 172032K, used 109585K [0x0000000740000000, 0x0000000800000000)
  region size 2048K, 37 young (75776K), 4 survivors (8192K)
 Metaspace       used 59647K, committed 60160K, reserved 1114112K
  class space    used 8260K, committed 8512K, reserved 1048576K
}
Event: 6.982 GC heap after
{Heap after GC invocations=14 (full 0):
 garbage-first heap   total 172032K, used 49683K [0x0000000740000000, 0x0000000800000000)
  region size 2048K, 6 young (12288K), 6 survivors (12288K)
 Metaspace       used 59647K, committed 60160K, reserved 1114112K
  class space    used 8260K, committed 8512K, reserved 1048576K
}
Event: 7.454 GC heap before
{Heap before GC invocations=15 (full 0):
 garbage-first heap   total 172032K, used 133651K [0x0000000740000000, 0x0000000800000000)
  region size 2048K, 47 young (96256K), 6 survivors (12288K)
 Metaspace       used 62333K, committed 62912K, reserved 1114112K
  class space    used 8689K, committed 8960K, reserved 1048576K
}
Event: 7.462 GC heap after
{Heap after GC invocations=16 (full 0):
 garbage-first heap   total 172032K, used 56334K [0x0000000740000000, 0x0000000800000000)
  region size 2048K, 6 young (12288K), 6 survivors (12288K)
 Metaspace       used 62333K, committed 62912K, reserved 1114112K
  class space    used 8689K, committed 8960K, reserved 1048576K
}
Event: 7.509 GC heap before
{Heap before GC invocations=16 (full 0):
 garbage-first heap   total 172032K, used 62478K [0x0000000740000000, 0x0000000800000000)
  region size 2048K, 7 young (14336K), 6 survivors (12288K)
 Metaspace       used 62567K, committed 63168K, reserved 1114112K
  class space    used 8718K, committed 9024K, reserved 1048576K
}
Event: 7.516 GC heap after
{Heap after GC invocations=17 (full 0):
 garbage-first heap   total 172032K, used 58407K [0x0000000740000000, 0x0000000800000000)
  region size 2048K, 1 young (2048K), 1 survivors (2048K)
 Metaspace       used 62567K, committed 63168K, reserved 1114112K
  class space    used 8718K, committed 9024K, reserved 1048576K
}
Event: 10.859 GC heap before
{Heap before GC invocations=17 (full 0):
 garbage-first heap   total 172032K, used 146471K [0x0000000740000000, 0x0000000800000000)
  region size 2048K, 15 young (30720K), 1 survivors (2048K)
 Metaspace       used 64586K, committed 65216K, reserved 1114112K
  class space    used 8927K, committed 9216K, reserved 1048576K
}
Event: 10.862 GC heap after
{Heap after GC invocations=18 (full 0):
 garbage-first heap   total 172032K, used 58963K [0x0000000740000000, 0x0000000800000000)
  region size 2048K, 2 young (4096K), 2 survivors (4096K)
 Metaspace       used 64586K, committed 65216K, reserved 1114112K
  class space    used 8927K, committed 9216K, reserved 1048576K
}
Event: 10.882 GC heap before
{Heap before GC invocations=18 (full 0):
 garbage-first heap   total 172032K, used 81491K [0x0000000740000000, 0x0000000800000000)
  region size 2048K, 3 young (6144K), 2 survivors (4096K)
 Metaspace       used 64590K, committed 65216K, reserved 1114112K
  class space    used 8927K, committed 9216K, reserved 1048576K
}
Event: 10.884 GC heap after
{Heap after GC invocations=19 (full 0):
 garbage-first heap   total 172032K, used 58881K [0x0000000740000000, 0x0000000800000000)
  region size 2048K, 2 young (4096K), 2 survivors (4096K)
 Metaspace       used 64590K, committed 65216K, reserved 1114112K
  class space    used 8927K, committed 9216K, reserved 1048576K
}
Event: 11.580 GC heap before
{Heap before GC invocations=19 (full 0):
 garbage-first heap   total 172032K, used 124417K [0x0000000740000000, 0x0000000800000000)
  region size 2048K, 29 young (59392K), 2 survivors (4096K)
 Metaspace       used 68390K, committed 69120K, reserved 1114112K
  class space    used 9553K, committed 9920K, reserved 1048576K
}
Event: 11.584 GC heap after
{Heap after GC invocations=20 (full 0):
 garbage-first heap   total 172032K, used 63071K [0x0000000740000000, 0x0000000800000000)
  region size 2048K, 4 young (8192K), 4 survivors (8192K)
 Metaspace       used 68390K, committed 69120K, reserved 1114112K
  class space    used 9553K, committed 9920K, reserved 1048576K
}
Event: 11.617 GC heap before
{Heap before GC invocations=20 (full 0):
 garbage-first heap   total 172032K, used 77407K [0x0000000740000000, 0x0000000800000000)
  region size 2048K, 6 young (12288K), 4 survivors (8192K)
 Metaspace       used 68411K, committed 69120K, reserved 1114112K
  class space    used 9553K, committed 9920K, reserved 1048576K
}
Event: 11.621 GC heap after
{Heap after GC invocations=21 (full 0):
 garbage-first heap   total 172032K, used 70695K [0x0000000740000000, 0x0000000800000000)
  region size 2048K, 3 young (6144K), 3 survivors (6144K)
 Metaspace       used 68411K, committed 69120K, reserved 1114112K
  class space    used 9553K, committed 9920K, reserved 1048576K
}
Event: 11.627 GC heap before
{Heap before GC invocations=21 (full 0):
 garbage-first heap   total 172032K, used 76839K [0x0000000740000000, 0x0000000800000000)
  region size 2048K, 4 young (8192K), 3 survivors (6144K)
 Metaspace       used 68411K, committed 69120K, reserved 1114112K
  class space    used 9553K, committed 9920K, reserved 1048576K
}

Dll operation events (15 events):
Event: 0.005 Loaded shared library C:\Program Files\Eclipse Adoptium\jdk-17.0.16.8-hotspot\bin\java.dll
Event: 0.016 Loaded shared library C:\Program Files\Eclipse Adoptium\jdk-17.0.16.8-hotspot\bin\jsvml.dll
Event: 0.051 Loaded shared library C:\Program Files\Eclipse Adoptium\jdk-17.0.16.8-hotspot\bin\zip.dll
Event: 0.054 Loaded shared library C:\Program Files\Eclipse Adoptium\jdk-17.0.16.8-hotspot\bin\instrument.dll
Event: 0.057 Loaded shared library C:\Program Files\Eclipse Adoptium\jdk-17.0.16.8-hotspot\bin\net.dll
Event: 0.058 Loaded shared library C:\Program Files\Eclipse Adoptium\jdk-17.0.16.8-hotspot\bin\nio.dll
Event: 0.060 Loaded shared library C:\Program Files\Eclipse Adoptium\jdk-17.0.16.8-hotspot\bin\zip.dll
Event: 0.209 Loaded shared library C:\Program Files\Eclipse Adoptium\jdk-17.0.16.8-hotspot\bin\jimage.dll
Event: 0.266 Loaded shared library C:\Program Files\Eclipse Adoptium\jdk-17.0.16.8-hotspot\bin\verify.dll
Event: 0.372 Loaded shared library C:\Users\Administrator\.gradle\native\c067742578af261105cb4f569cf0c3c89f3d7b1fecec35dd04571415982c5e48\windows-amd64\native-platform.dll
Event: 0.378 Loaded shared library C:\Users\Administrator\.gradle\native\100fb08df4bc3b14c8652ba06237920a3bd2aa13389f12d3474272988ae205f9\windows-amd64\native-platform-file-events.dll
Event: 0.926 Loaded shared library C:\Program Files\Eclipse Adoptium\jdk-17.0.16.8-hotspot\bin\management.dll
Event: 0.928 Loaded shared library C:\Program Files\Eclipse Adoptium\jdk-17.0.16.8-hotspot\bin\management_ext.dll
Event: 1.034 Loaded shared library C:\Program Files\Eclipse Adoptium\jdk-17.0.16.8-hotspot\bin\extnet.dll
Event: 1.157 Loaded shared library C:\Program Files\Eclipse Adoptium\jdk-17.0.16.8-hotspot\bin\sunmscapi.dll

Deoptimization events (20 events):
Event: 11.542 Thread 0x000001bddae96b30 DEOPT PACKING pc=0x000001bd87c17d68 sp=0x0000002e685fe510
Event: 11.542 Thread 0x000001bddae96b30 DEOPT UNPACKING pc=0x000001bd8758a1a3 sp=0x0000002e685fe448 mode 2
Event: 11.542 Thread 0x000001bddae96b30 Uncommon trap: trap_request=0xffffffde fr.pc=0x000001bd87cf5988 relative=0x00000000000003a8
Event: 11.542 Thread 0x000001bddae96b30 Uncommon trap: reason=class_check action=maybe_recompile pc=0x000001bd87cf5988 method=java.lang.Character.toUpperCase(I)I @ 5 c2
Event: 11.542 Thread 0x000001bddae96b30 DEOPT PACKING pc=0x000001bd87cf5988 sp=0x0000002e685fe5e0
Event: 11.542 Thread 0x000001bddae96b30 DEOPT UNPACKING pc=0x000001bd8758a1a3 sp=0x0000002e685fe440 mode 2
Event: 11.559 Thread 0x000001bdd933d020 Uncommon trap: trap_request=0xffffff45 fr.pc=0x000001bd87d1432c relative=0x000000000000008c
Event: 11.559 Thread 0x000001bdd933d020 Uncommon trap: reason=unstable_if action=reinterpret pc=0x000001bd87d1432c method=java.util.regex.Pattern$LastNode.match(Ljava/util/regex/Matcher;ILjava/lang/CharSequence;)Z @ 13 c2
Event: 11.559 Thread 0x000001bdd933d020 DEOPT PACKING pc=0x000001bd87d1432c sp=0x0000002e6dff9560
Event: 11.559 Thread 0x000001bdd933d020 DEOPT UNPACKING pc=0x000001bd8758a1a3 sp=0x0000002e6dff94d8 mode 2
Event: 11.574 Thread 0x000001bdd933d020 DEOPT PACKING pc=0x000001bd80c24eac sp=0x0000002e6dff85b0
Event: 11.574 Thread 0x000001bdd933d020 DEOPT UNPACKING pc=0x000001bd8758ace3 sp=0x0000002e6dff7a70 mode 0
Event: 11.602 Thread 0x000001bdd933d020 Uncommon trap: trap_request=0xffffff45 fr.pc=0x000001bd87f4a570 relative=0x0000000000000410
Event: 11.602 Thread 0x000001bdd933d020 Uncommon trap: reason=unstable_if action=reinterpret pc=0x000001bd87f4a570 method=com.google.gson.stream.JsonReader.skipValue()V @ 18 c2
Event: 11.602 Thread 0x000001bdd933d020 DEOPT PACKING pc=0x000001bd87f4a570 sp=0x0000002e6dff73b0
Event: 11.603 Thread 0x000001bdd933d020 DEOPT UNPACKING pc=0x000001bd8758a1a3 sp=0x0000002e6dff7370 mode 2
Event: 11.603 Thread 0x000001bdd933d020 Uncommon trap: trap_request=0xffffffc6 fr.pc=0x000001bd87f60ee8 relative=0x0000000000000468
Event: 11.603 Thread 0x000001bdd933d020 Uncommon trap: reason=bimorphic_or_optimized_type_check action=maybe_recompile pc=0x000001bd87f60ee8 method=java.lang.reflect.Field.set(Ljava/lang/Object;Ljava/lang/Object;)V @ 24 c2
Event: 11.603 Thread 0x000001bdd933d020 DEOPT PACKING pc=0x000001bd87f60ee8 sp=0x0000002e6dff7350
Event: 11.603 Thread 0x000001bdd933d020 DEOPT UNPACKING pc=0x000001bd8758a1a3 sp=0x0000002e6dff7288 mode 2

Classes loaded (20 events):
Event: 11.498 Loading class java/io/ObjectStreamClass$3
Event: 11.498 Loading class java/io/ObjectStreamClass$3 done
Event: 11.498 Loading class java/io/ObjectStreamClass$4
Event: 11.498 Loading class java/io/ObjectStreamClass$4 done
Event: 11.498 Loading class java/io/ObjectStreamClass$5
Event: 11.498 Loading class java/io/ObjectStreamClass$5 done
Event: 11.499 Loading class java/io/ObjectStreamClass$ClassDataSlot
Event: 11.499 Loading class java/io/ObjectStreamClass$ClassDataSlot done
Event: 11.499 Loading class jdk/internal/reflect/UnsafeQualifiedStaticLongFieldAccessorImpl
Event: 11.500 Loading class jdk/internal/reflect/UnsafeQualifiedStaticLongFieldAccessorImpl done
Event: 11.500 Loading class java/io/SerialCallbackContext
Event: 11.500 Loading class java/io/SerialCallbackContext done
Event: 11.511 Loading class java/util/stream/ReferencePipeline$4
Event: 11.511 Loading class java/util/stream/ReferencePipeline$4 done
Event: 11.511 Loading class java/util/stream/ReduceOps$6
Event: 11.511 Loading class java/util/stream/ReduceOps$6 done
Event: 11.511 Loading class java/util/stream/ReduceOps$5ReducingSink
Event: 11.511 Loading class java/util/stream/ReduceOps$5ReducingSink done
Event: 11.511 Loading class java/util/stream/ReferencePipeline$4$1
Event: 11.511 Loading class java/util/stream/ReferencePipeline$4$1 done

Classes unloaded (0 events):
No events

Classes redefined (0 events):
No events

Internal exceptions (20 events):
Event: 11.351 Thread 0x000001bddafcb0b0 Exception <a 'java/lang/NoSuchMethodError'{0x000000074855ed58}: 'java.lang.Object java.lang.invoke.DirectMethodHandle$Holder.invokeSpecial(java.lang.Object, java.lang.Object, java.lang.Object, java.lang.Object, java.lang.Object, java.lang.Object, java.lang.Object, int)'> (0x000000074855ed58) 
thrown [s\src\hotspot\share\interpreter\linkResolver.cpp, line 759]
Event: 11.351 Thread 0x000001bddafcb0b0 Exception <a 'java/lang/NoSuchMethodError'{0x0000000748564130}: 'java.lang.Object java.lang.invoke.Invokers$Holder.linkToTargetMethod(java.lang.Object, java.lang.Object, java.lang.Object, java.lang.Object, java.lang.Object, int, java.lang.Object)'> (0x0000000748564130) 
thrown [s\src\hotspot\share\interpreter\linkResolver.cpp, line 759]
Event: 11.371 Thread 0x000001bddafcb0b0 Exception <a 'java/lang/ClassNotFoundException'{0x00000007480c17e0}: org/gradle/language/jvm/tasks/ProcessResources_DecoratedBeanInfo> (0x00000007480c17e0) 
thrown [s\src\hotspot\share\classfile\systemDictionary.cpp, line 256]
Event: 11.371 Thread 0x000001bddafcb0b0 Exception <a 'java/lang/ClassNotFoundException'{0x00000007480cfef8}: org/gradle/language/jvm/tasks/ProcessResourcesBeanInfo> (0x00000007480cfef8) 
thrown [s\src\hotspot\share\classfile\systemDictionary.cpp, line 256]
Event: 11.372 Thread 0x000001bddafcb0b0 Exception <a 'java/lang/ClassNotFoundException'{0x00000007480dbc10}: org/gradle/api/tasks/CopyBeanInfo> (0x00000007480dbc10) 
thrown [s\src\hotspot\share\classfile\systemDictionary.cpp, line 256]
Event: 11.372 Thread 0x000001bddafcb0b0 Exception <a 'java/lang/ClassNotFoundException'{0x00000007480e7910}: org/gradle/api/tasks/CopyCustomizer> (0x00000007480e7910) 
thrown [s\src\hotspot\share\classfile\systemDictionary.cpp, line 256]
Event: 11.372 Thread 0x000001bddafcb0b0 Exception <a 'java/lang/ClassNotFoundException'{0x000000074810cf98}: org/gradle/language/jvm/tasks/ProcessResourcesCustomizer> (0x000000074810cf98) 
thrown [s\src\hotspot\share\classfile\systemDictionary.cpp, line 256]
Event: 11.373 Thread 0x000001bddafcb0b0 Exception <a 'java/lang/ClassNotFoundException'{0x000000074812f770}: org/gradle/language/jvm/tasks/ProcessResources_DecoratedCustomizer> (0x000000074812f770) 
thrown [s\src\hotspot\share\classfile\systemDictionary.cpp, line 256]
Event: 11.375 Thread 0x000001bddafcb0b0 Exception <a 'java/lang/ClassNotFoundException'{0x00000007481b6438}: org/gradle/api/internal/tasks/DefaultTaskInputsBeanInfo> (0x00000007481b6438) 
thrown [s\src\hotspot\share\classfile\systemDictionary.cpp, line 256]
Event: 11.375 Thread 0x000001bddafcb0b0 Exception <a 'java/lang/ClassNotFoundException'{0x00000007481c2658}: org/gradle/api/internal/tasks/DefaultTaskInputsCustomizer> (0x00000007481c2658) 
thrown [s\src\hotspot\share\classfile\systemDictionary.cpp, line 256]
Event: 11.389 Thread 0x000001bddafcb0b0 Exception <a 'java/lang/NoSuchMethodError'{0x0000000747ee50f0}: 'int java.lang.invoke.DirectMethodHandle$Holder.invokeSpecialIFC(java.lang.Object, java.lang.Object, java.lang.Object, java.lang.Object, java.lang.Object)'> (0x0000000747ee50f0) 
thrown [s\src\hotspot\share\interpreter\linkResolver.cpp, line 759]
Event: 11.454 Thread 0x000001bdd933d530 Exception <a 'java/lang/NoSuchMethodError'{0x0000000747641d68}: 'void java.lang.invoke.DirectMethodHandle$Holder.invokeSpecial(java.lang.Object, java.lang.Object, java.lang.Object, java.lang.Object, int, java.lang.Object, java.lang.Object)'> (0x0000000747641d68) 
thrown [s\src\hotspot\share\interpreter\linkResolver.cpp, line 759]
Event: 11.466 Thread 0x000001bdd933d020 Exception <a 'java/lang/NoSuchMethodError'{0x00000007476e96b0}: 'void java.lang.invoke.DirectMethodHandle$Holder.invokeInterface(java.lang.Object, java.lang.Object, java.lang.Object, java.lang.Object)'> (0x00000007476e96b0) 
thrown [s\src\hotspot\share\interpreter\linkResolver.cpp, line 759]
Event: 11.498 Thread 0x000001bddafcbad0 Exception <a 'java/lang/NoSuchMethodError'{0x0000000747560a80}: static Lorg/gradle/internal/build/event/types/DefaultTaskStartedProgressEvent;.<clinit>()V> (0x0000000747560a80) 
thrown [s\src\hotspot\share\prims\jni.cpp, line 1112]
Event: 11.499 Thread 0x000001bddafcbad0 Exception <a 'java/lang/NoSuchMethodError'{0x0000000747562e60}: static Lorg/gradle/internal/build/event/types/AbstractProgressEvent;.<clinit>()V> (0x0000000747562e60) 
thrown [s\src\hotspot\share\prims\jni.cpp, line 1112]
Event: 11.499 Thread 0x000001bddafcbad0 Exception <a 'java/lang/NoSuchMethodError'{0x000000074756f590}: static Lorg/gradle/internal/build/event/types/DefaultTaskDescriptor;.<clinit>()V> (0x000000074756f590) 
thrown [s\src\hotspot\share\prims\jni.cpp, line 1112]
Event: 11.501 Thread 0x000001bddafcbad0 Exception <a 'java/lang/NoSuchMethodError'{0x00000007475d16f8}: static Lorg/gradle/internal/operations/OperationIdentifier;.<clinit>()V> (0x00000007475d16f8) 
thrown [s\src\hotspot\share\prims\jni.cpp, line 1112]
Event: 11.502 Thread 0x000001bddafcbad0 Exception <a 'java/lang/NoSuchMethodError'{0x00000007475ee910}: static Lorg/gradle/internal/build/event/types/DefaultBinaryPluginIdentifier;.<clinit>()V> (0x00000007475ee910) 
thrown [s\src\hotspot\share\prims\jni.cpp, line 1112]
Event: 11.554 Thread 0x000001bdd933d020 Exception <a 'java/lang/IncompatibleClassChangeError'{0x00000007471270d8}: Found class java.lang.Object, but interface was expected> (0x00000007471270d8) 
thrown [s\src\hotspot\share\interpreter\linkResolver.cpp, line 826]
Event: 11.555 Thread 0x000001bdd933d020 Exception <a 'java/lang/NoSuchMethodError'{0x0000000747137278}: static Ljava/lang/Object;.<clinit>()V> (0x0000000747137278) 
thrown [s\src\hotspot\share\prims\jni.cpp, line 1112]

VM Operations (20 events):
Event: 10.884 Executing VM operation: G1TryInitiateConcMark done
Event: 11.138 Executing VM operation: HandshakeAllThreads
Event: 11.138 Executing VM operation: HandshakeAllThreads done
Event: 11.230 Executing VM operation: HandshakeAllThreads
Event: 11.230 Executing VM operation: HandshakeAllThreads done
Event: 11.352 Executing VM operation: ICBufferFull
Event: 11.352 Executing VM operation: ICBufferFull done
Event: 11.462 Executing VM operation: HandshakeAllThreads
Event: 11.463 Executing VM operation: HandshakeAllThreads done
Event: 11.493 Executing VM operation: HandshakeAllThreads
Event: 11.494 Executing VM operation: HandshakeAllThreads done
Event: 11.515 Executing VM operation: HandshakeAllThreads
Event: 11.515 Executing VM operation: HandshakeAllThreads done
Event: 11.527 Executing VM operation: ICBufferFull
Event: 11.528 Executing VM operation: ICBufferFull done
Event: 11.580 Executing VM operation: G1TryInitiateConcMark
Event: 11.584 Executing VM operation: G1TryInitiateConcMark done
Event: 11.617 Executing VM operation: G1TryInitiateConcMark
Event: 11.621 Executing VM operation: G1TryInitiateConcMark done
Event: 11.627 Executing VM operation: G1TryInitiateConcMark

Memory protections (0 events):
No events

Nmethod flushes (20 events):
Event: 3.433 Thread 0x000001bdff46afa0 flushing  nmethod 0x000001bd80730d90
Event: 3.433 Thread 0x000001bdff46afa0 flushing  nmethod 0x000001bd80731910
Event: 3.433 Thread 0x000001bdff46afa0 flushing  nmethod 0x000001bd80731d10
Event: 3.433 Thread 0x000001bdff46afa0 flushing  nmethod 0x000001bd80732b10
Event: 3.433 Thread 0x000001bdff46afa0 flushing  nmethod 0x000001bd80733310
Event: 3.433 Thread 0x000001bdff46afa0 flushing  nmethod 0x000001bd80734490
Event: 3.433 Thread 0x000001bdff46afa0 flushing  nmethod 0x000001bd80736890
Event: 3.433 Thread 0x000001bdff46afa0 flushing  nmethod 0x000001bd8073a210
Event: 3.433 Thread 0x000001bdff46afa0 flushing  nmethod 0x000001bd80741290
Event: 3.433 Thread 0x000001bdff46afa0 flushing  nmethod 0x000001bd80758b90
Event: 3.433 Thread 0x000001bdff46afa0 flushing  nmethod 0x000001bd80781e90
Event: 3.433 Thread 0x000001bdff46afa0 flushing  nmethod 0x000001bd807bb390
Event: 3.433 Thread 0x000001bdff46afa0 flushing  nmethod 0x000001bd80805e90
Event: 3.433 Thread 0x000001bdff46afa0 flushing  nmethod 0x000001bd80806a10
Event: 3.433 Thread 0x000001bdff46afa0 flushing  nmethod 0x000001bd8081fb10
Event: 3.433 Thread 0x000001bdff46afa0 flushing  nmethod 0x000001bd80833890
Event: 3.434 Thread 0x000001bdff46afa0 flushing  nmethod 0x000001bd80888e90
Event: 3.434 Thread 0x000001bdff46afa0 flushing  nmethod 0x000001bd8088b490
Event: 6.778 Thread 0x000001bdff46afa0 flushing  nmethod 0x000001bd8027c110
Event: 6.780 Thread 0x000001bdff46afa0 flushing  nmethod 0x000001bd8065a290

Events (20 events):
Event: 10.931 Thread 0x000001bddafcb0b0 Thread added: 0x000001bdd933e970
Event: 11.046 Thread 0x000001bddafcb0b0 Thread added: 0x000001bdd9341700
Event: 11.046 Thread 0x000001bdd9341700 Thread added: 0x000001bdd9343560
Event: 11.046 Thread 0x000001bdd9341700 Thread added: 0x000001bdd933ee80
Event: 11.046 Thread 0x000001bdd9341700 Thread added: 0x000001bdd93402c0
Event: 11.046 Thread 0x000001bdd9343560 Thread added: 0x000001bdd9342120
Event: 11.046 Thread 0x000001bdd9343560 Thread added: 0x000001bdd9342630
Event: 11.047 Thread 0x000001bdd93402c0 Thread added: 0x000001bdd93407d0
Event: 11.061 Thread 0x000001bdd9343560 Thread added: 0x000001bdd9342b40
Event: 11.232 Thread 0x000001bdd9342b40 Thread added: 0x000001bdd9343a70
Event: 11.232 Thread 0x000001bdd9342b40 Thread added: 0x000001bdd9343f80
Event: 11.434 Thread 0x000001bddafcb0b0 Thread added: 0x000001bdd933d020
Event: 11.439 Thread 0x000001bdd933d020 Thread added: 0x000001bdd933d530
Event: 11.439 Thread 0x000001bdd933d020 Thread added: 0x000001bddcee0cf0
Event: 11.439 Thread 0x000001bdd933d020 Thread added: 0x000001bddcee3060
Event: 11.439 Thread 0x000001bdd933d020 Thread added: 0x000001bddcee3570
Event: 11.439 Thread 0x000001bdd933d020 Thread added: 0x000001bddcee3f90
Event: 11.439 Thread 0x000001bdd933d020 Thread added: 0x000001bddcee3a80
Event: 11.440 Thread 0x000001bdd933d020 Thread added: 0x000001bddcee44a0
Event: 11.472 Thread 0x000001bdd933d020 Thread added: 0x000001bddcee1200


Dynamic libraries:
0x00007ff7a9fc0000 - 0x00007ff7a9fce000 	C:\Program Files\Eclipse Adoptium\jdk-17.0.16.8-hotspot\bin\java.exe
0x00007ffd0f770000 - 0x00007ffd0f968000 	C:\Windows\SYSTEM32\ntdll.dll
0x00007ffd0d900000 - 0x00007ffd0d9c2000 	C:\Windows\System32\KERNEL32.DLL
0x00007ffd0d090000 - 0x00007ffd0d38f000 	C:\Windows\System32\KERNELBASE.dll
0x00007ffd0ce30000 - 0x00007ffd0cf30000 	C:\Windows\System32\ucrtbase.dll
0x00007ffcf85a0000 - 0x00007ffcf85b7000 	C:\Program Files\Eclipse Adoptium\jdk-17.0.16.8-hotspot\bin\jli.dll
0x00007ffcf5c70000 - 0x00007ffcf5c8e000 	C:\Program Files\Eclipse Adoptium\jdk-17.0.16.8-hotspot\bin\VCRUNTIME140.dll
0x00007ffd0eaf0000 - 0x00007ffd0ec8d000 	C:\Windows\System32\USER32.dll
0x00007ffd0ce00000 - 0x00007ffd0ce22000 	C:\Windows\System32\win32u.dll
0x00007ffcf5cc0000 - 0x00007ffcf5f5a000 	C:\Windows\WinSxS\amd64_microsoft.windows.common-controls_6595b64144ccf1df_6.0.19041.4355_none_60b8b9eb71f62e16\COMCTL32.dll
0x00007ffd0e230000 - 0x00007ffd0e25b000 	C:\Windows\System32\GDI32.dll
0x00007ffd0d780000 - 0x00007ffd0d81e000 	C:\Windows\System32\msvcrt.dll
0x00007ffd0d590000 - 0x00007ffd0d6a7000 	C:\Windows\System32\gdi32full.dll
0x00007ffd0d6e0000 - 0x00007ffd0d77d000 	C:\Windows\System32\msvcp_win.dll
0x00007ffd0f660000 - 0x00007ffd0f68f000 	C:\Windows\System32\IMM32.DLL
0x00007ffd009d0000 - 0x00007ffd009dc000 	C:\Program Files\Eclipse Adoptium\jdk-17.0.16.8-hotspot\bin\vcruntime140_1.dll
0x00007ffcd54c0000 - 0x00007ffcd554d000 	C:\Program Files\Eclipse Adoptium\jdk-17.0.16.8-hotspot\bin\msvcp140.dll
0x00007ffcb9b20000 - 0x00007ffcba78b000 	C:\Program Files\Eclipse Adoptium\jdk-17.0.16.8-hotspot\bin\server\jvm.dll
0x00007ffd0e8d0000 - 0x00007ffd0e981000 	C:\Windows\System32\ADVAPI32.dll
0x00007ffd0f690000 - 0x00007ffd0f72f000 	C:\Windows\System32\sechost.dll
0x00007ffd0ec90000 - 0x00007ffd0edb3000 	C:\Windows\System32\RPCRT4.dll
0x00007ffd0d6b0000 - 0x00007ffd0d6d7000 	C:\Windows\System32\bcrypt.dll
0x00007ffd0e990000 - 0x00007ffd0e9fb000 	C:\Windows\System32\WS2_32.dll
0x00007ffd0c340000 - 0x00007ffd0c38b000 	C:\Windows\SYSTEM32\POWRPROF.dll
0x00007ffd02bd0000 - 0x00007ffd02bda000 	C:\Windows\SYSTEM32\VERSION.dll
0x00007ffcfeb30000 - 0x00007ffcfeb57000 	C:\Windows\SYSTEM32\WINMM.dll
0x00007ffd0c200000 - 0x00007ffd0c212000 	C:\Windows\SYSTEM32\UMPDC.dll
0x00007ffd0b620000 - 0x00007ffd0b632000 	C:\Windows\SYSTEM32\kernel.appcore.dll
0x00007ffcf8600000 - 0x00007ffcf860a000 	C:\Program Files\Eclipse Adoptium\jdk-17.0.16.8-hotspot\bin\jimage.dll
0x00007ffd0a500000 - 0x00007ffd0a6e4000 	C:\Windows\SYSTEM32\DBGHELP.DLL
0x00007ffcded30000 - 0x00007ffcded64000 	C:\Windows\SYSTEM32\dbgcore.DLL
0x00007ffd0d500000 - 0x00007ffd0d582000 	C:\Windows\System32\bcryptPrimitives.dll
0x00007ffcf7f80000 - 0x00007ffcf7f8e000 	C:\Program Files\Eclipse Adoptium\jdk-17.0.16.8-hotspot\bin\instrument.dll
0x00007ffcf0500000 - 0x00007ffcf0525000 	C:\Program Files\Eclipse Adoptium\jdk-17.0.16.8-hotspot\bin\java.dll
0x00007ffcd1f10000 - 0x00007ffcd1fe7000 	C:\Program Files\Eclipse Adoptium\jdk-17.0.16.8-hotspot\bin\jsvml.dll
0x00007ffd0eef0000 - 0x00007ffd0f65e000 	C:\Windows\System32\SHELL32.dll
0x00007ffd0ae60000 - 0x00007ffd0b604000 	C:\Windows\SYSTEM32\windows.storage.dll
0x00007ffd0e450000 - 0x00007ffd0e7a5000 	C:\Windows\System32\combase.dll
0x00007ffd0c830000 - 0x00007ffd0c85f000 	C:\Windows\SYSTEM32\Wldp.dll
0x00007ffd0df60000 - 0x00007ffd0e02d000 	C:\Windows\System32\OLEAUT32.dll
0x00007ffd0e120000 - 0x00007ffd0e1cd000 	C:\Windows\System32\SHCORE.dll
0x00007ffd0ea90000 - 0x00007ffd0eae5000 	C:\Windows\System32\shlwapi.dll
0x00007ffd0cd30000 - 0x00007ffd0cd54000 	C:\Windows\SYSTEM32\profapi.dll
0x00007ffcf5bb0000 - 0x00007ffcf5bc8000 	C:\Program Files\Eclipse Adoptium\jdk-17.0.16.8-hotspot\bin\zip.dll
0x00007ffcf5330000 - 0x00007ffcf5349000 	C:\Program Files\Eclipse Adoptium\jdk-17.0.16.8-hotspot\bin\net.dll
0x00007ffd07100000 - 0x00007ffd0720d000 	C:\Windows\SYSTEM32\WINHTTP.dll
0x00007ffd0c590000 - 0x00007ffd0c5fa000 	C:\Windows\system32\mswsock.dll
0x00007ffcf2340000 - 0x00007ffcf2356000 	C:\Program Files\Eclipse Adoptium\jdk-17.0.16.8-hotspot\bin\nio.dll
0x00007ffcf7e20000 - 0x00007ffcf7e30000 	C:\Program Files\Eclipse Adoptium\jdk-17.0.16.8-hotspot\bin\verify.dll
0x00007ffcf2150000 - 0x00007ffcf2177000 	C:\Users\Administrator\.gradle\native\c067742578af261105cb4f569cf0c3c89f3d7b1fecec35dd04571415982c5e48\windows-amd64\native-platform.dll
0x00007ffccb590000 - 0x00007ffccb6d4000 	C:\Users\Administrator\.gradle\native\100fb08df4bc3b14c8652ba06237920a3bd2aa13389f12d3474272988ae205f9\windows-amd64\native-platform-file-events.dll
0x00007ffcf76f0000 - 0x00007ffcf76fa000 	C:\Program Files\Eclipse Adoptium\jdk-17.0.16.8-hotspot\bin\management.dll
0x00007ffcf6a60000 - 0x00007ffcf6a6b000 	C:\Program Files\Eclipse Adoptium\jdk-17.0.16.8-hotspot\bin\management_ext.dll
0x00007ffd0e440000 - 0x00007ffd0e448000 	C:\Windows\System32\PSAPI.DLL
0x00007ffd0c780000 - 0x00007ffd0c798000 	C:\Windows\SYSTEM32\CRYPTSP.dll
0x00007ffd0be40000 - 0x00007ffd0be74000 	C:\Windows\system32\rsaenh.dll
0x00007ffd0ccb0000 - 0x00007ffd0ccde000 	C:\Windows\SYSTEM32\USERENV.dll
0x00007ffd0c7a0000 - 0x00007ffd0c7ac000 	C:\Windows\SYSTEM32\CRYPTBASE.dll
0x00007ffd0c220000 - 0x00007ffd0c25b000 	C:\Windows\SYSTEM32\IPHLPAPI.DLL
0x00007ffd0e110000 - 0x00007ffd0e118000 	C:\Windows\System32\NSI.dll
0x00007ffd05ec0000 - 0x00007ffd05ed7000 	C:\Windows\SYSTEM32\dhcpcsvc6.DLL
0x00007ffd06a50000 - 0x00007ffd06a6d000 	C:\Windows\SYSTEM32\dhcpcsvc.DLL
0x00007ffd0c270000 - 0x00007ffd0c33a000 	C:\Windows\SYSTEM32\DNSAPI.dll
0x00007ffcf63b0000 - 0x00007ffcf63b9000 	C:\Program Files\Eclipse Adoptium\jdk-17.0.16.8-hotspot\bin\extnet.dll
0x00007ffcf6200000 - 0x00007ffcf620e000 	C:\Program Files\Eclipse Adoptium\jdk-17.0.16.8-hotspot\bin\sunmscapi.dll
0x00007ffd0cf30000 - 0x00007ffd0d08c000 	C:\Windows\System32\CRYPT32.dll
0x00007ffd0c8a0000 - 0x00007ffd0c8c7000 	C:\Windows\SYSTEM32\ncrypt.dll
0x00007ffd0c860000 - 0x00007ffd0c89b000 	C:\Windows\SYSTEM32\NTASN1.dll
0x00007ffcd1c00000 - 0x00007ffcd1c07000 	C:\Windows\system32\wshunix.dll
0x00007ffd05ea0000 - 0x00007ffd05eaa000 	C:\Windows\System32\rasadhlp.dll
0x00007ffd03d70000 - 0x00007ffd03df0000 	C:\Windows\System32\fwpuclnt.dll

dbghelp: loaded successfully - version: 4.0.5 - missing functions: none
symbol engine: initialized successfully - sym options: 0x614 - pdb path: .;C:\Program Files\Eclipse Adoptium\jdk-17.0.16.8-hotspot\bin;C:\Windows\SYSTEM32;C:\Windows\WinSxS\amd64_microsoft.windows.common-controls_6595b64144ccf1df_6.0.19041.4355_none_60b8b9eb71f62e16;C:\Program Files\Eclipse Adoptium\jdk-17.0.16.8-hotspot\bin\server;C:\Users\Administrator\.gradle\native\c067742578af261105cb4f569cf0c3c89f3d7b1fecec35dd04571415982c5e48\windows-amd64;C:\Users\Administrator\.gradle\native\100fb08df4bc3b14c8652ba06237920a3bd2aa13389f12d3474272988ae205f9\windows-amd64

VM Arguments:
jvm_args: --add-opens=java.base/java.util=ALL-UNNAMED --add-opens=java.base/java.lang=ALL-UNNAMED --add-opens=java.base/java.lang.invoke=ALL-UNNAMED --add-opens=java.prefs/java.util.prefs=ALL-UNNAMED --add-opens=java.base/java.nio.charset=ALL-UNNAMED --add-opens=java.base/java.net=ALL-UNNAMED --add-opens=java.base/java.util.concurrent.atomic=ALL-UNNAMED -Xmx3G -Dfile.encoding=UTF-8 -Duser.country=CN -Duser.language=zh -Duser.variant -javaagent:C:\Users\Administrator\.gradle\wrapper\dists\gradle-8.8-bin\dl7vupf4psengwqhwktix4v1\gradle-8.8\lib\agents\gradle-instrumentation-agent-8.8.jar 
java_command: org.gradle.launcher.daemon.bootstrap.GradleDaemon 8.8
java_class_path (initial): C:\Users\Administrator\.gradle\wrapper\dists\gradle-8.8-bin\dl7vupf4psengwqhwktix4v1\gradle-8.8\lib\gradle-launcher-8.8.jar
Launcher Type: SUN_STANDARD

[Global flags]
     intx CICompilerCount                          = 4                                         {product} {ergonomic}
     uint ConcGCThreads                            = 2                                         {product} {ergonomic}
     uint G1ConcRefinementThreads                  = 8                                         {product} {ergonomic}
   size_t G1HeapRegionSize                         = 2097152                                   {product} {ergonomic}
    uintx GCDrainStackTargetSize                   = 64                                        {product} {ergonomic}
   size_t InitialHeapSize                          = 264241152                                 {product} {ergonomic}
   size_t MarkStackSize                            = 4194304                                   {product} {ergonomic}
   size_t MaxHeapSize                              = 3221225472                                {product} {command line}
   size_t MaxNewSize                               = 1931476992                                {product} {ergonomic}
   size_t MinHeapDeltaBytes                        = 2097152                                   {product} {ergonomic}
   size_t MinHeapSize                              = 8388608                                   {product} {ergonomic}
    uintx NonNMethodCodeHeapSize                   = 5839372                                {pd product} {ergonomic}
    uintx NonProfiledCodeHeapSize                  = 122909434                              {pd product} {ergonomic}
    uintx ProfiledCodeHeapSize                     = 122909434                              {pd product} {ergonomic}
    uintx ReservedCodeCacheSize                    = 251658240                              {pd product} {ergonomic}
     bool SegmentedCodeCache                       = true                                      {product} {ergonomic}
   size_t SoftMaxHeapSize                          = 3221225472                             {manageable} {ergonomic}
     bool UseCompressedClassPointers               = true                           {product lp64_product} {ergonomic}
     bool UseCompressedOops                        = true                           {product lp64_product} {ergonomic}
     bool UseG1GC                                  = true                                      {product} {ergonomic}
     bool UseLargePagesIndividualAllocation        = false                                  {pd product} {ergonomic}

Logging:
Log output configuration:
 #0: stdout all=warning uptime,level,tags
 #1: stderr all=off uptime,level,tags

Environment Variables:
JAVA_HOME=C:\Program Files\Eclipse Adoptium\jdk-17.0.16.8-hotspot
CLASSPATH=.;C:\Program Files\Eclipse Adoptium\jdk-17.0.16.8-hotspot\lib\dt.jar;C:\Program Files\Eclipse Adoptium\jdk-17.0.16.8-hotspot\lib\tools.jar;
PATH=C:\Program Files\Eclipse Adoptium\jdk-17.0.16.8-hotspot\bin;C:\Program Files\Microsoft\jdk-21.0.7.6-hotspot\bin;C:\Windows\system32;C:\Windows;C:\Windows\System32\Wbem;C:\Windows\System32\WindowsPowerShell\v1.0\;C:\Windows\System32\OpenSSH\;C:\Program Files\dotnet\;C:\Users\Administrator\AppData\Local\Microsoft\WindowsApps;
USERNAME=Administrator
OS=Windows_NT
PROCESSOR_IDENTIFIER=Intel64 Family 6 Model 140 Stepping 2, GenuineIntel
TMP=C:\Users\ADMINI~1\AppData\Local\Temp
TEMP=C:\Users\ADMINI~1\AppData\Local\Temp



Periodic native trim disabled


---------------  S Y S T E M  ---------------

OS:
 Windows 10 , 64 bit Build 19041 (10.0.19041.5198)
OS uptime: 54 days 17:22 hours

CPU: total 8 (initial active 8) (4 cores per cpu, 2 threads per core) family 6 model 140 stepping 2 microcode 0x16, cx8, cmov, fxsr, ht, mmx, 3dnowpref, sse, sse2, sse3, ssse3, sse4.1, sse4.2, popcnt, lzcnt, tsc, tscinvbit, avx, avx2, aes, erms, clmul, bmi1, bmi2, adx, avx512f, avx512dq, avx512cd, avx512bw, avx512vl, sha, fma, vzeroupper, avx512_vpopcntdq, avx512_vpclmulqdq, avx512_vaes, avx512_vnni, clflush, clflushopt, clwb, avx512_vbmi2, avx512_vbmi
Processor Information for all 8 processors :
  Max Mhz: 2496, Current Mhz: 2496, Mhz Limit: 2496

Memory: 4k page, system-wide physical 16122M (6279M free)
TotalPageFile size 41723M (AvailPageFile size 63M)
current process WorkingSet (physical memory assigned to process): 457M, peak: 468M
current process commit charge ("private bytes"): 499M, peak: 583M

vm_info: OpenJDK 64-Bit Server VM (17.0.16+8) for windows-amd64 JRE (17.0.16+8), built on Jul 16 2025 10:37:56 by "admin" with MS VC++ 17.7 (VS2022)

END.
